c:\users\julaxecanada\documents\github\ai_assignment2\ai-assignment-2\game1017_template_w01\debug\vc142.pdb
c:\users\julaxecanada\documents\github\ai_assignment2\ai-assignment-2\game1017_template_w01\debug\vc142.idb
c:\users\julaxecanada\documents\github\ai_assignment2\ai-assignment-2\game1017_template_w01\debug\label.obj
c:\users\julaxecanada\documents\github\ai_assignment2\ai-assignment-2\game1017_template_w01\debug\statemanager.obj
c:\users\julaxecanada\documents\github\ai_assignment2\ai-assignment-2\game1017_template_w01\debug\startscene.obj
c:\users\julaxecanada\documents\github\ai_assignment2\ai-assignment-2\game1017_template_w01\debug\soundmanager.obj
c:\users\julaxecanada\documents\github\ai_assignment2\ai-assignment-2\game1017_template_w01\debug\playstate.obj
c:\users\julaxecanada\documents\github\ai_assignment2\ai-assignment-2\game1017_template_w01\debug\player.obj
c:\users\julaxecanada\documents\github\ai_assignment2\ai-assignment-2\game1017_template_w01\debug\playbutton.obj
c:\users\julaxecanada\documents\github\ai_assignment2\ai-assignment-2\game1017_template_w01\debug\pathmanager.obj
c:\users\julaxecanada\documents\github\ai_assignment2\ai-assignment-2\game1017_template_w01\debug\pathing.obj
c:\users\julaxecanada\documents\github\ai_assignment2\ai-assignment-2\game1017_template_w01\debug\meleeatk.obj
c:\users\julaxecanada\documents\github\ai_assignment2\ai-assignment-2\game1017_template_w01\debug\lifebar.obj
c:\users\julaxecanada\documents\github\ai_assignment2\ai-assignment-2\game1017_template_w01\debug\levelmanager.obj
c:\users\julaxecanada\documents\github\ai_assignment2\ai-assignment-2\game1017_template_w01\debug\fontmanager.obj
c:\users\julaxecanada\documents\github\ai_assignment2\ai-assignment-2\game1017_template_w01\debug\eventmanager.obj
c:\users\julaxecanada\documents\github\ai_assignment2\ai-assignment-2\game1017_template_w01\debug\engine.obj
c:\users\julaxecanada\documents\github\ai_assignment2\ai-assignment-2\game1017_template_w01\debug\enemy.obj
c:\users\julaxecanada\documents\github\ai_assignment2\ai-assignment-2\game1017_template_w01\debug\debugmanager.obj
c:\users\julaxecanada\documents\github\ai_assignment2\ai-assignment-2\game1017_template_w01\debug\collisionmanager.obj
c:\users\julaxecanada\documents\github\ai_assignment2\ai-assignment-2\game1017_template_w01\debug\button.obj
c:\users\julaxecanada\documents\github\ai_assignment2\ai-assignment-2\game1017_template_w01\debug\bullet.obj
c:\users\julaxecanada\documents\github\ai_assignment2\ai-assignment-2\game1017_template_w01\debug\uielements.obj
c:\users\julaxecanada\documents\github\ai_assignment2\ai-assignment-2\game1017_template_w01\debug\texturemanager.obj
c:\users\julaxecanada\documents\github\ai_assignment2\ai-assignment-2\game1017_template_w01\debug\states.obj
c:\users\julaxecanada\documents\github\ai_assignment2\ai-assignment-2\game1017_template_w01\debug\mathmanager.obj
c:\users\julaxecanada\documents\github\ai_assignment2\ai-assignment-2\game1017_template_w01\debug\main.obj
c:\users\julaxecanada\documents\github\ai_assignment2\ai-assignment-2\debug\game1017_template_w01.exe
c:\users\julaxecanada\documents\github\ai_assignment2\ai-assignment-2\debug\game1017_template_w01.ilk
c:\users\julaxecanada\documents\github\ai_assignment2\ai-assignment-2\debug\game1017_template_w01.pdb
c:\users\julaxecanada\documents\github\ai_assignment2\ai-assignment-2\game1017_template_w01\debug\game1017.2745dd34.tlog\cl.command.1.tlog
c:\users\julaxecanada\documents\github\ai_assignment2\ai-assignment-2\game1017_template_w01\debug\game1017.2745dd34.tlog\cl.read.1.tlog
c:\users\julaxecanada\documents\github\ai_assignment2\ai-assignment-2\game1017_template_w01\debug\game1017.2745dd34.tlog\cl.write.1.tlog
c:\users\julaxecanada\documents\github\ai_assignment2\ai-assignment-2\game1017_template_w01\debug\game1017.2745dd34.tlog\link.command.1.tlog
c:\users\julaxecanada\documents\github\ai_assignment2\ai-assignment-2\game1017_template_w01\debug\game1017.2745dd34.tlog\link.read.1.tlog
c:\users\julaxecanada\documents\github\ai_assignment2\ai-assignment-2\game1017_template_w01\debug\game1017.2745dd34.tlog\link.write.1.tlog
